# JRE version: OpenJDK Runtime Environment Temurin-17.0.1+12 (17.0.1+12) (build 17.0.1+12)
# Java VM: OpenJDK 64-Bit Server VM Temurin-17.0.1+12 (17.0.1+12, mixed mode, tiered, compressed oops, compressed class ptrs, g1 gc, windows-amd64)
GC Precious Log:
 CPUs: 8 total, 8 available
 Memory: 6081M
 Large Page Support: Disabled
 NUMA Support: Disabled
 Compressed Oops: Enabled (32-bit)
 Heap Region Size: 1M
 Heap Min Capacity: 8M
 Heap Initial Capacity: 96M
 Heap Max Capacity: 1522M
 Pre-touch: Disabled
 Parallel Workers: 8
 Concurrent Workers: 2
 Concurrent Refinement Workers: 8
 Periodic GC: Disabled
Heap:
 garbage-first heap   total 58368K, used 10177K [0x00000000a0e00000, 0x0000000100000000)
  region size 1024K, 1 young (1024K), 1 survivors (1024K)
 Metaspace       used 24643K, committed 24896K, reserved 1073152K
  class space    used 2735K, committed 2880K, reserved 1048576K
GC Heap History (13 events):
Event: 0.771 GC heap before
{Heap before GC invocations=0 (full 0):
 garbage-first heap   total 98304K, used 23552K [0x00000000a0e00000, 0x0000000100000000)
  region size 1024K, 23 young (23552K), 0 survivors (0K)
 Metaspace       used 11509K, committed 11712K, reserved 1064960K
  class space    used 1093K, committed 1216K, reserved 1048576K
}
Event: 0.779 GC heap after
{Heap after GC invocations=1 (full 0):
 garbage-first heap   total 98304K, used 6736K [0x00000000a0e00000, 0x0000000100000000)
  region size 1024K, 3 young (3072K), 3 survivors (3072K)
 Metaspace       used 11509K, committed 11712K, reserved 1064960K
  class space    used 1093K, committed 1216K, reserved 1048576K
}
Event: 0.793 GC heap before
{Heap before GC invocations=1 (full 0):
 garbage-first heap   total 98304K, used 35408K [0x00000000a0e00000, 0x0000000100000000)
  region size 1024K, 32 young (32768K), 3 survivors (3072K)
 Metaspace       used 11509K, committed 11712K, reserved 1064960K
  class space    used 1093K, committed 1216K, reserved 1048576K
}
Event: 0.798 GC heap after
{Heap after GC invocations=2 (full 0):
 garbage-first heap   total 98304K, used 6491K [0x00000000a0e00000, 0x0000000100000000)
  region size 1024K, 1 young (1024K), 1 survivors (1024K)
 Metaspace       used 11509K, committed 11712K, reserved 1064960K
  class space    used 1093K, committed 1216K, reserved 1048576K
}
Event: 1.828 GC heap before
{Heap before GC invocations=2 (full 0):
 garbage-first heap   total 98304K, used 45403K [0x00000000a0e00000, 0x0000000100000000)
  region size 1024K, 40 young (40960K), 1 survivors (1024K)
 Metaspace       used 21332K, committed 21504K, reserved 1073152K
  class space    used 2294K, committed 2368K, reserved 1048576K
}
Event: 1.832 GC heap after
{Heap after GC invocations=3 (full 0):
 garbage-first heap   total 98304K, used 8616K [0x00000000a0e00000, 0x0000000100000000)
  region size 1024K, 3 young (3072K), 3 survivors (3072K)
 Metaspace       used 21332K, committed 21504K, reserved 1073152K
  class space    used 2294K, committed 2368K, reserved 1048576K
}
Event: 2.113 GC heap before
{Heap before GC invocations=4 (full 0):
 garbage-first heap   total 37888K, used 27048K [0x00000000a0e00000, 0x0000000100000000)
  region size 1024K, 23 young (23552K), 3 survivors (3072K)
 Metaspace       used 23763K, committed 24000K, reserved 1073152K
  class space    used 2635K, committed 2752K, reserved 1048576K
}
Event: 2.117 GC heap after
{Heap after GC invocations=5 (full 0):
 garbage-first heap   total 37888K, used 9488K [0x00000000a0e00000, 0x0000000100000000)
  region size 1024K, 3 young (3072K), 3 survivors (3072K)
 Metaspace       used 23763K, committed 24000K, reserved 1073152K
  class space    used 2635K, committed 2752K, reserved 1048576K
}
Event: 2.117 GC heap before
{Heap before GC invocations=5 (full 0):
 garbage-first heap   total 37888K, used 9488K [0x00000000a0e00000, 0x0000000100000000)
  region size 1024K, 4 young (4096K), 3 survivors (3072K)
 Metaspace       used 23763K, committed 24000K, reserved 1073152K
  class space    used 2635K, committed 2752K, reserved 1048576K
}
Event: 2.120 GC heap after
{Heap after GC invocations=6 (full 0):
 garbage-first heap   total 37888K, used 9465K [0x00000000a0e00000, 0x0000000100000000)
  region size 1024K, 1 young (1024K), 1 survivors (1024K)
 Metaspace       used 23763K, committed 24000K, reserved 1073152K
  class space    used 2635K, committed 2752K, reserved 1048576K
}
Event: 2.126 GC heap before
{Heap before GC invocations=6 (full 0):
 garbage-first heap   total 37888K, used 25849K [0x00000000a0e00000, 0x0000000100000000)
  region size 1024K, 18 young (18432K), 1 survivors (1024K)
 Metaspace       used 23763K, committed 24000K, reserved 1073152K
  class space    used 2635K, committed 2752K, reserved 1048576K
}
Event: 2.126 GC heap after
{Heap after GC invocations=7 (full 0):
 garbage-first heap   total 37888K, used 9489K [0x00000000a0e00000, 0x0000000100000000)
  region size 1024K, 1 young (1024K), 1 survivors (1024K)
 Metaspace       used 23763K, committed 24000K, reserved 1073152K
  class space    used 2635K, committed 2752K, reserved 1048576K
}
Event: 2.349 GC heap before
{Heap before GC invocations=7 (full 0):
 garbage-first heap   total 37888K, used 25873K [0x00000000a0e00000, 0x0000000100000000)
  region size 1024K, 18 young (18432K), 1 survivors (1024K)
 Metaspace       used 24643K, committed 24896K, reserved 1073152K
  class space    used 2735K, committed 2880K, reserved 1048576K
}

