# JRE version: OpenJDK Runtime Environment Temurin-17.0.1+12 (17.0.1+12) (build 17.0.1+12)
# Java VM: OpenJDK 64-Bit Server VM Temurin-17.0.1+12 (17.0.1+12, mixed mode, tiered, compressed oops, compressed class ptrs, g1 gc, windows-amd64)
GC Precious Log:
 CPUs: 8 total, 8 available
 Memory: 6081M
 Large Page Support: Disabled
 NUMA Support: Disabled
 Compressed Oops: Enabled (32-bit)
 Heap Region Size: 1M
 Heap Min Capacity: 8M
 Heap Initial Capacity: 96M
 Heap Max Capacity: 1522M
 Pre-touch: Disabled
 Parallel Workers: 8
 Concurrent Workers: 2
 Concurrent Refinement Workers: 8
 Periodic GC: Disabled
Heap:
 garbage-first heap   total 58368K, used 42034K [0x00000000a0e00000, 0x0000000100000000)
  region size 1024K, 26 young (26624K), 3 survivors (3072K)
 Metaspace       used 55556K, committed 55872K, reserved 1097728K
  class space    used 6837K, committed 6976K, reserved 1048576K
GC Heap History (20 events):
Event: 2.406 GC heap before
{Heap before GC invocations=2 (full 0):
 garbage-first heap   total 98304K, used 45318K [0x00000000a0e00000, 0x0000000100000000)
  region size 1024K, 41 young (41984K), 1 survivors (1024K)
 Metaspace       used 21343K, committed 21504K, reserved 1073152K
  class space    used 2301K, committed 2368K, reserved 1048576K
}
Event: 2.412 GC heap after
{Heap after GC invocations=3 (full 0):
 garbage-first heap   total 98304K, used 8573K [0x00000000a0e00000, 0x0000000100000000)
  region size 1024K, 3 young (3072K), 3 survivors (3072K)
 Metaspace       used 21343K, committed 21504K, reserved 1073152K
  class space    used 2301K, committed 2368K, reserved 1048576K
}
Event: 2.826 GC heap before
{Heap before GC invocations=4 (full 0):
 garbage-first heap   total 37888K, used 27005K [0x00000000a0e00000, 0x0000000100000000)
  region size 1024K, 22 young (22528K), 3 survivors (3072K)
 Metaspace       used 23777K, committed 24000K, reserved 1073152K
  class space    used 2637K, committed 2752K, reserved 1048576K
}
Event: 2.832 GC heap after
{Heap after GC invocations=5 (full 0):
 garbage-first heap   total 37888K, used 9420K [0x00000000a0e00000, 0x0000000100000000)
  region size 1024K, 1 young (1024K), 1 survivors (1024K)
 Metaspace       used 23777K, committed 24000K, reserved 1073152K
  class space    used 2637K, committed 2752K, reserved 1048576K
}
Event: 2.832 GC heap before
{Heap before GC invocations=5 (full 0):
 garbage-first heap   total 37888K, used 9420K [0x00000000a0e00000, 0x0000000100000000)
  region size 1024K, 2 young (2048K), 1 survivors (1024K)
 Metaspace       used 23777K, committed 24000K, reserved 1073152K
  class space    used 2637K, committed 2752K, reserved 1048576K
}
Event: 2.834 GC heap after
{Heap after GC invocations=6 (full 0):
 garbage-first heap   total 37888K, used 9338K [0x00000000a0e00000, 0x0000000100000000)
  region size 1024K, 1 young (1024K), 1 survivors (1024K)
 Metaspace       used 23777K, committed 24000K, reserved 1073152K
  class space    used 2637K, committed 2752K, reserved 1048576K
}
Event: 2.843 GC heap before
{Heap before GC invocations=6 (full 0):
 garbage-first heap   total 37888K, used 25722K [0x00000000a0e00000, 0x0000000100000000)
  region size 1024K, 18 young (18432K), 1 survivors (1024K)
 Metaspace       used 23777K, committed 24000K, reserved 1073152K
  class space    used 2637K, committed 2752K, reserved 1048576K
}
Event: 2.844 GC heap after
{Heap after GC invocations=7 (full 0):
 garbage-first heap   total 37888K, used 9363K [0x00000000a0e00000, 0x0000000100000000)
  region size 1024K, 1 young (1024K), 1 survivors (1024K)
 Metaspace       used 23777K, committed 24000K, reserved 1073152K
  class space    used 2637K, committed 2752K, reserved 1048576K
}
Event: 3.133 GC heap before
{Heap before GC invocations=7 (full 0):
 garbage-first heap   total 37888K, used 25747K [0x00000000a0e00000, 0x0000000100000000)
  region size 1024K, 18 young (18432K), 1 survivors (1024K)
 Metaspace       used 24599K, committed 24768K, reserved 1073152K
  class space    used 2726K, committed 2816K, reserved 1048576K
}
Event: 3.136 GC heap after
{Heap after GC invocations=8 (full 0):
 garbage-first heap   total 112640K, used 10025K [0x00000000a0e00000, 0x0000000100000000)
  region size 1024K, 1 young (1024K), 1 survivors (1024K)
 Metaspace       used 24599K, committed 24768K, reserved 1073152K
  class space    used 2726K, committed 2816K, reserved 1048576K
}
Event: 5.882 GC heap before
{Heap before GC invocations=8 (full 0):
 garbage-first heap   total 112640K, used 75561K [0x00000000a0e00000, 0x0000000100000000)
  region size 1024K, 66 young (67584K), 1 survivors (1024K)
 Metaspace       used 33900K, committed 34176K, reserved 1081344K
  class space    used 3945K, committed 4032K, reserved 1048576K
}
Event: 5.896 GC heap after
{Heap after GC invocations=9 (full 0):
 garbage-first heap   total 112640K, used 15071K [0x00000000a0e00000, 0x0000000100000000)
  region size 1024K, 6 young (6144K), 6 survivors (6144K)
 Metaspace       used 33900K, committed 34176K, reserved 1081344K
  class space    used 3945K, committed 4032K, reserved 1048576K
}
Event: 6.085 GC heap before
{Heap before GC invocations=9 (full 0):
 garbage-first heap   total 112640K, used 75487K [0x00000000a0e00000, 0x0000000100000000)
  region size 1024K, 66 young (67584K), 6 survivors (6144K)
 Metaspace       used 34606K, committed 34880K, reserved 1081344K
  class space    used 4007K, committed 4160K, reserved 1048576K
}
Event: 6.095 GC heap after
{Heap after GC invocations=10 (full 0):
 garbage-first heap   total 112640K, used 15969K [0x00000000a0e00000, 0x0000000100000000)
  region size 1024K, 1 young (1024K), 1 survivors (1024K)
 Metaspace       used 34606K, committed 34880K, reserved 1081344K
  class space    used 4007K, committed 4160K, reserved 1048576K
}
Event: 6.412 GC heap before
{Heap before GC invocations=10 (full 0):
 garbage-first heap   total 112640K, used 32353K [0x00000000a0e00000, 0x0000000100000000)
  region size 1024K, 19 young (19456K), 1 survivors (1024K)
 Metaspace       used 35907K, committed 36160K, reserved 1081344K
  class space    used 4141K, committed 4288K, reserved 1048576K
}
Event: 6.415 GC heap after
{Heap after GC invocations=11 (full 0):
 garbage-first heap   total 112640K, used 16040K [0x00000000a0e00000, 0x0000000100000000)
  region size 1024K, 1 young (1024K), 1 survivors (1024K)
 Metaspace       used 35907K, committed 36160K, reserved 1081344K
  class space    used 4141K, committed 4288K, reserved 1048576K
}
Event: 8.111 GC heap before
{Heap before GC invocations=12 (full 0):
 garbage-first heap   total 58368K, used 48808K [0x00000000a0e00000, 0x0000000100000000)
  region size 1024K, 34 young (34816K), 1 survivors (1024K)
 Metaspace       used 45400K, committed 45760K, reserved 1089536K
  class space    used 5512K, committed 5696K, reserved 1048576K
}
Event: 8.121 GC heap after
{Heap after GC invocations=13 (full 0):
 garbage-first heap   total 58368K, used 18231K [0x00000000a0e00000, 0x0000000100000000)
  region size 1024K, 4 young (4096K), 4 survivors (4096K)
 Metaspace       used 45400K, committed 45760K, reserved 1089536K
  class space    used 5512K, committed 5696K, reserved 1048576K
}
Event: 9.440 GC heap before
{Heap before GC invocations=13 (full 0):
 garbage-first heap   total 58368K, used 45879K [0x00000000a0e00000, 0x0000000100000000)
  region size 1024K, 31 young (31744K), 4 survivors (4096K)
 Metaspace       used 51183K, committed 51520K, reserved 1097728K
  class space    used 6304K, committed 6464K, reserved 1048576K
}
Event: 9.447 GC heap after
{Heap after GC invocations=14 (full 0):
 garbage-first heap   total 58368K, used 20530K [0x00000000a0e00000, 0x0000000100000000)
  region size 1024K, 3 young (3072K), 3 survivors (3072K)
 Metaspace       used 51183K, committed 51520K, reserved 1097728K
  class space    used 6304K, committed 6464K, reserved 1048576K
}

