# JRE version: OpenJDK Runtime Environment Temurin-17.0.1+12 (17.0.1+12) (build 17.0.1+12)
# Java VM: OpenJDK 64-Bit Server VM Temurin-17.0.1+12 (17.0.1+12, mixed mode, tiered, compressed oops, compressed class ptrs, g1 gc, windows-amd64)
GC Precious Log:
 CPUs: 8 total, 8 available
 Memory: 6081M
 Large Page Support: Disabled
 NUMA Support: Disabled
 Compressed Oops: Enabled (32-bit)
 Heap Region Size: 1M
 Heap Min Capacity: 8M
 Heap Initial Capacity: 96M
 Heap Max Capacity: 1522M
 Pre-touch: Disabled
 Parallel Workers: 8
 Concurrent Workers: 2
 Concurrent Refinement Workers: 8
 Periodic GC: Disabled
Heap:
 garbage-first heap   total 58368K, used 23909K [0x00000000a0e00000, 0x0000000100000000)
  region size 1024K, 5 young (5120K), 3 survivors (3072K)
 Metaspace       used 56383K, committed 56704K, reserved 1105920K
  class space    used 6953K, committed 7104K, reserved 1048576K
GC Heap History (20 events):
Event: 3.215 GC heap before
{Heap before GC invocations=4 (full 0):
 garbage-first heap   total 37888K, used 27151K [0x00000000a0e00000, 0x0000000100000000)
  region size 1024K, 23 young (23552K), 3 survivors (3072K)
 Metaspace       used 23752K, committed 24000K, reserved 1073152K
  class space    used 2637K, committed 2752K, reserved 1048576K
}
Event: 3.221 GC heap after
{Heap after GC invocations=5 (full 0):
 garbage-first heap   total 37888K, used 9580K [0x00000000a0e00000, 0x0000000100000000)
  region size 1024K, 3 young (3072K), 3 survivors (3072K)
 Metaspace       used 23752K, committed 24000K, reserved 1073152K
  class space    used 2637K, committed 2752K, reserved 1048576K
}
Event: 3.222 GC heap before
{Heap before GC invocations=5 (full 0):
 garbage-first heap   total 37888K, used 9580K [0x00000000a0e00000, 0x0000000100000000)
  region size 1024K, 4 young (4096K), 3 survivors (3072K)
 Metaspace       used 23752K, committed 24000K, reserved 1073152K
  class space    used 2637K, committed 2752K, reserved 1048576K
}
Event: 3.227 GC heap after
{Heap after GC invocations=6 (full 0):
 garbage-first heap   total 37888K, used 9316K [0x00000000a0e00000, 0x0000000100000000)
  region size 1024K, 1 young (1024K), 1 survivors (1024K)
 Metaspace       used 23752K, committed 24000K, reserved 1073152K
  class space    used 2637K, committed 2752K, reserved 1048576K
}
Event: 3.238 GC heap before
{Heap before GC invocations=6 (full 0):
 garbage-first heap   total 37888K, used 25700K [0x00000000a0e00000, 0x0000000100000000)
  region size 1024K, 18 young (18432K), 1 survivors (1024K)
 Metaspace       used 23752K, committed 24000K, reserved 1073152K
  class space    used 2637K, committed 2752K, reserved 1048576K
}
Event: 3.238 GC heap after
{Heap after GC invocations=7 (full 0):
 garbage-first heap   total 37888K, used 9340K [0x00000000a0e00000, 0x0000000100000000)
  region size 1024K, 1 young (1024K), 1 survivors (1024K)
 Metaspace       used 23752K, committed 24000K, reserved 1073152K
  class space    used 2637K, committed 2752K, reserved 1048576K
}
Event: 3.696 GC heap before
{Heap before GC invocations=7 (full 0):
 garbage-first heap   total 37888K, used 26748K [0x00000000a0e00000, 0x0000000100000000)
  region size 1024K, 19 young (19456K), 1 survivors (1024K)
 Metaspace       used 24684K, committed 24960K, reserved 1073152K
  class space    used 2738K, committed 2880K, reserved 1048576K
}
Event: 3.699 GC heap after
{Heap after GC invocations=8 (full 0):
 garbage-first heap   total 113664K, used 10119K [0x00000000a0e00000, 0x0000000100000000)
  region size 1024K, 1 young (1024K), 1 survivors (1024K)
 Metaspace       used 24684K, committed 24960K, reserved 1073152K
  class space    used 2738K, committed 2880K, reserved 1048576K
}
Event: 6.730 GC heap before
{Heap before GC invocations=8 (full 0):
 garbage-first heap   total 113664K, used 75655K [0x00000000a0e00000, 0x0000000100000000)
  region size 1024K, 66 young (67584K), 1 survivors (1024K)
 Metaspace       used 33879K, committed 34176K, reserved 1081344K
  class space    used 3950K, committed 4032K, reserved 1048576K
}
Event: 6.741 GC heap after
{Heap after GC invocations=9 (full 0):
 garbage-first heap   total 113664K, used 15084K [0x00000000a0e00000, 0x0000000100000000)
  region size 1024K, 6 young (6144K), 6 survivors (6144K)
 Metaspace       used 33879K, committed 34176K, reserved 1081344K
  class space    used 3950K, committed 4032K, reserved 1048576K
}
Event: 6.925 GC heap before
{Heap before GC invocations=9 (full 0):
 garbage-first heap   total 113664K, used 75500K [0x00000000a0e00000, 0x0000000100000000)
  region size 1024K, 66 young (67584K), 6 survivors (6144K)
 Metaspace       used 34584K, committed 34880K, reserved 1081344K
  class space    used 4012K, committed 4160K, reserved 1048576K
}
Event: 6.934 GC heap after
{Heap after GC invocations=10 (full 0):
 garbage-first heap   total 113664K, used 16033K [0x00000000a0e00000, 0x0000000100000000)
  region size 1024K, 1 young (1024K), 1 survivors (1024K)
 Metaspace       used 34584K, committed 34880K, reserved 1081344K
  class space    used 4012K, committed 4160K, reserved 1048576K
}
Event: 7.315 GC heap before
{Heap before GC invocations=10 (full 0):
 garbage-first heap   total 113664K, used 30369K [0x00000000a0e00000, 0x0000000100000000)
  region size 1024K, 17 young (17408K), 1 survivors (1024K)
 Metaspace       used 35814K, committed 36096K, reserved 1081344K
  class space    used 4143K, committed 4288K, reserved 1048576K
}
Event: 7.318 GC heap after
{Heap after GC invocations=11 (full 0):
 garbage-first heap   total 113664K, used 15962K [0x00000000a0e00000, 0x0000000100000000)
  region size 1024K, 1 young (1024K), 1 survivors (1024K)
 Metaspace       used 35814K, committed 36096K, reserved 1081344K
  class space    used 4143K, committed 4288K, reserved 1048576K
}
Event: 9.421 GC heap before
{Heap before GC invocations=12 (full 0):
 garbage-first heap   total 58368K, used 49754K [0x00000000a0e00000, 0x0000000100000000)
  region size 1024K, 34 young (34816K), 1 survivors (1024K)
 Metaspace       used 45212K, committed 45504K, reserved 1089536K
  class space    used 5468K, committed 5632K, reserved 1048576K
}
Event: 9.427 GC heap after
{Heap after GC invocations=13 (full 0):
 garbage-first heap   total 58368K, used 18201K [0x00000000a0e00000, 0x0000000100000000)
  region size 1024K, 4 young (4096K), 4 survivors (4096K)
 Metaspace       used 45212K, committed 45504K, reserved 1089536K
  class space    used 5468K, committed 5632K, reserved 1048576K
}
Event: 10.993 GC heap before
{Heap before GC invocations=13 (full 0):
 garbage-first heap   total 58368K, used 45849K [0x00000000a0e00000, 0x0000000100000000)
  region size 1024K, 31 young (31744K), 4 survivors (4096K)
 Metaspace       used 51088K, committed 51392K, reserved 1097728K
  class space    used 6304K, committed 6464K, reserved 1048576K
}
Event: 11.000 GC heap after
{Heap after GC invocations=14 (full 0):
 garbage-first heap   total 58368K, used 20531K [0x00000000a0e00000, 0x0000000100000000)
  region size 1024K, 3 young (3072K), 3 survivors (3072K)
 Metaspace       used 51088K, committed 51392K, reserved 1097728K
  class space    used 6304K, committed 6464K, reserved 1048576K
}
Event: 26.207 GC heap before
{Heap before GC invocations=14 (full 0):
 garbage-first heap   total 58368K, used 45107K [0x00000000a0e00000, 0x0000000100000000)
  region size 1024K, 28 young (28672K), 3 survivors (3072K)
 Metaspace       used 56095K, committed 56448K, reserved 1105920K
  class space    used 6921K, committed 7104K, reserved 1048576K
}
Event: 26.217 GC heap after
{Heap after GC invocations=15 (full 0):
 garbage-first heap   total 58368K, used 22885K [0x00000000a0e00000, 0x0000000100000000)
  region size 1024K, 3 young (3072K), 3 survivors (3072K)
 Metaspace       used 56095K, committed 56448K, reserved 1105920K
  class space    used 6921K, committed 7104K, reserved 1048576K
}

